
‚öÝÔ∏è Detected that your app uses Expo Go for development, this is not recommended when building production apps.
Learn more: https://expo.fyi/why-not-build-expo-go-for-production
To suppress this warning, set EAS_BUILD_NO_EXPO_GO_WARNING=true.

Resolved "production" environment for the build. Learn more: https://docs.expo.dev/eas/environment-variables/#setting-the-environment-for-your-builds
No environment variables with visibility "Plain text" and "Sensitive" found for the "production" environment on EAS.

‚Ýã Incrementing buildNumber from 13 to 14.‚Ýô Incrementing buildNumber from 13 to 14.‚Ýπ Incrementing buildNumber from 13 to 14.‚Ý∏ Incrementing buildNumber from 13 to 14.‚úî Incremented buildNumber from 13 to 14.
‚úî Using remote iOS credentials (Expo server)

If you provide your Apple account credentials we will be able to generate all necessary build credentials and fully validate them.
This is optional, but without Apple account access you will need to provide all the missing values manually and we can only run minimal validation on them.
[?25l[2K[1G[36m?[39m [1mDo you want to log in to your Apple account?[22m [90m‚Ä∫[39m [90m(Y/n)[39m[2K[1G[2K[1G[32m‚úî[39m [1mDo you want to log in to your Apple account?[22m [90m‚Ä¶[39m yes
[?25h
‚Ä∫ Log in to your Apple Developer account to continue
[2K[1G[36m?[39m [1mApple ID:[22m [90m‚Ä∫[39m [90mkana_kitty_nmwrk@icloud.com[39m78[2K[1G[2K[1G[32m‚úî[39m [1mApple ID:[22m [90m‚Ä¶[39m kana_kitty_nmwrk@icloud.com78
[?25h‚Ä∫ Restoring session /Users/kawashimahiroki/.app-store/auth/kana_kitty_nmwrk@icloud.com/cookie
‚Ä∫ Team Kana Kawashima (GKWDN2XMM9)
‚Ä∫ Provider Kana Kawashima (128760961)
‚úî Logged in Local session
‚Ýã Linking bundle identifier com.kanadigital.bichikufolio‚Ýô Linking bundle identifier com.kanadigital.bichikufolio‚Ýπ Linking bundle identifier com.kanadigital.bichikufolio‚úî Bundle identifier registered com.kanadigital.bichikufolio
‚Ýã Syncing capabilities‚Ýô Syncing capabilities‚Ýπ Syncing capabilities‚úî Synced capabilities: No updates
‚Ýã Syncing capabilities identifiers‚úî Synced capability identifiers: No updates
‚Ýã Fetching Apple distribution certificates‚Ýô Fetching Apple distribution certificates‚Ýπ Fetching Apple distribution certificates‚úî Fetched Apple distribution certificates
‚Ýã Fetching Apple provisioning profiles‚Ýô Fetching Apple provisioning profiles‚Ýπ Fetching Apple provisioning profiles‚Ý∏ Fetching Apple provisioning profiles‚Ýº Fetching Apple provisioning profiles‚Ý¥ Fetching Apple provisioning profiles‚Ý¶ Fetching Apple provisioning profiles‚Ýß Fetching Apple provisioning profiles‚Ýá Fetching Apple provisioning profiles‚Ýè Fetching Apple provisioning profiles‚Ýã Fetching Apple provisioning profiles‚Ýô Fetching Apple provisioning profiles‚Ýπ Fetching Apple provisioning profiles‚Ý∏ Fetching Apple provisioning profiles‚Ýº Fetching Apple provisioning profiles‚úî Fetched Apple provisioning profiles

Project Credentials Configuration

Project                   @kana-digital/bichiku-folio
Bundle Identifier         com.kanadigital.bichikufolio
                          
App Store Configuration   
                          
Distribution Certificate  
Serial Number             44C9827C7F41A266E0A8E72279131686
Expiration Date           Sun, 18 Apr 2027 10:27:54 GMT+0900
Apple Team                GKWDN2XMM9 (Kana Kawashima (Individual))
Updated                   1 day ago
                          
Provisioning Profile      
Developer Portal ID       8X654CK965
Status                    active
Expiration                Sun, 18 Apr 2027 10:27:54 GMT+0900
Apple Team                GKWDN2XMM9 (Kana Kawashima (Individual))
Updated                   42 minutes ago
                          
All credentials are ready to build @kana-digital/bichiku-folio (com.kanadigital.bichikufolio)

‚úî Push Notifications are set up
‚Ýã Compressing project files‚Ýô Compressing project files‚Ýπ Compressing project files‚Ý∏ Compressing project files‚Ýº Compressing project files‚Ý¥ Compressing project files‚Ý¶ Compressing project files‚Ýß Compressing project files‚Ýá Compressing project files‚Ýè Compressing project files‚Ýã Compressing project files‚Ýô Compressing project files‚Ýπ Compressing project files‚Ý∏ Compressing project files‚Ýº Compressing project files‚Ý¥ Compressing project files‚Ý¶ Compressing project files‚Ýß Compressing project files‚Ýá Compressing project files‚Ýè Compressing project files‚Ýã Compressing project files‚Ýô Compressing project files‚Ýπ Compressing project files‚Ý∏ Compressing project files‚Ýº Compressing project files‚Ý¥ Compressing project files‚Ý¶ Compressing project files‚Ýß Compressing project files‚Ýá Compressing project files‚Ýè Compressing project files‚Ýã Compressing project files‚Ýô Compressing project files‚Ýπ Compressing project files‚Ý∏ Compressing project files‚Ýº Compressing project files‚Ý¥ Compressing project files‚Ý¶ Compressing project files‚Ýß Compressing project files‚úî Compressed project files 4s (1.1 MB)
‚Ýã Computing project fingerprint‚Ýô Computing project fingerprint‚Ýπ Computing project fingerprint‚Ý∏ Computing project fingerprint‚Ýº Computing project fingerprint‚Ý¥ Computing project fingerprint‚Ý¶ Computing project fingerprint‚Ýß Computing project fingerprint‚Ýá Computing project fingerprint‚Ýè Computing project fingerprint‚Ýã Computing project fingerprint‚Ýô Computing project fingerprint‚Ýπ Computing project fingerprint‚Ý∏ Computing project fingerprint‚Ýº Computing project fingerprint‚Ý¥ Computing project fingerprint‚Ý¶ Computing project fingerprint‚Ýß Computing project fingerprint‚Ýá Computing project fingerprint‚Ýè Computing project fingerprint‚Ýã Computing project fingerprint‚Ýô Computing project fingerprint‚Ýπ Computing project fingerprint‚Ý∏ Computing project fingerprint‚Ýº Computing project fingerprint‚Ý¥ Computing project fingerprint‚Ý¶ Computing project fingerprint‚Ýß Computing project fingerprint‚Ýá Computing project fingerprint‚Ýè Computing project fingerprint‚Ýã Computing project fingerprint‚Ýô Computing project fingerprint‚Ýπ Computing project fingerprint‚Ý∏ Computing project fingerprint‚Ýº Computing project fingerprint‚Ý¥ Computing project fingerprint‚Ý¶ Computing project fingerprint‚Ýß Computing project fingerprint‚Ýá Computing project fingerprint‚Ýè Computing project fingerprint‚Ýã Computing project fingerprint‚Ýô Computing project fingerprint‚Ýπ Computing project fingerprint‚Ý∏ Computing project fingerprint‚Ýº Computing project fingerprint‚Ý¥ Computing project fingerprint‚Ý¶ Computing project fingerprint‚Ýß Computing project fingerprint‚Ýá Computing project fingerprint‚Ýè Computing project fingerprint‚Ýã Computing project fingerprint‚Ýô Computing project fingerprint‚Ýπ Computing project fingerprint‚Ý∏ Computing project fingerprint‚Ýº Computing project fingerprint‚Ý¥ Computing project fingerprint‚Ý¶ Computing project fingerprint‚åõÔ∏è Computing the project fingerprint is taking longer than expected...
‚Ýã Computing project fingerprint‚è© To skip this step, set the environment variable: EAS_SKIP_AUTO_FINGERPRINT=1
‚Ýã Computing project fingerprint‚Ýô Computing project fingerprint‚Ýπ Computing project fingerprint‚Ý∏ Computing project fingerprint‚Ýº Computing project fingerprint‚Ý¥ Computing project fingerprint‚Ý¶ Computing project fingerprint‚Ýß Computing project fingerprint‚Ýá Computing project fingerprint‚Ýè Computing project fingerprint‚Ýã Computing project fingerprint‚Ýô Computing project fingerprint‚Ýπ Computing project fingerprint‚Ý∏ Computing project fingerprint‚Ýº Computing project fingerprint‚Ý¥ Computing project fingerprint‚Ý¶ Computing project fingerprint‚Ýß Computing project fingerprint‚Ýá Computing project fingerprint‚Ýè Computing project fingerprint‚Ýã Computing project fingerprint‚Ýô Computing project fingerprint‚Ýπ Computing project fingerprint‚Ý∏ Computing project fingerprint‚Ýº Computing project fingerprint‚Ý¥ Computing project fingerprint‚Ý¶ Computing project fingerprint‚Ýß Computing project fingerprint‚Ýá Computing project fingerprint‚Ýè Computing project fingerprint‚Ýã Computing project fingerprint‚Ýô Computing project fingerprint‚Ýπ Computing project fingerprint‚Ý∏ Computing project fingerprint‚Ýº Computing project fingerprint‚Ý¥ Computing project fingerprint‚Ý¶ Computing project fingerprint‚Ýß Computing project fingerprint‚Ýá Computing project fingerprint‚Ýè Computing project fingerprint‚Ýã Computing project fingerprint‚Ýô Computing project fingerprint‚Ýπ Computing project fingerprint‚Ý∏ Computing project fingerprint‚Ýº Computing project fingerprint‚Ý¥ Computing project fingerprint‚Ý¶ Computing project fingerprint‚Ýß Computing project fingerprint‚Ýá Computing project fingerprint‚Ýè Computing project fingerprint‚Ýã Computing project fingerprint‚Ýô Computing project fingerprint‚Ýπ Computing project fingerprint‚Ý∏ Computing project fingerprint‚Ýº Computing project fingerprint‚Ý¥ Computing project fingerprint‚Ý¶ Computing project fingerprint‚Ýß Computing project fingerprint‚Ýá Computing project fingerprint‚Ýè Computing project fingerprint‚Ýã Computing project fingerprint‚Ýô Computing project fingerprint‚Ýπ Computing project fingerprint‚Ý∏ Computing project fingerprint‚Ýº Computing project fingerprint‚Ý¥ Computing project fingerprint‚Ý¶ Computing project fingerprint‚Ýß Computing project fingerprint‚Ýá Computing project fingerprint‚Ýè Computing project fingerprint‚Ýã Computing project fingerprint‚Ýô Computing project fingerprint‚Ýπ Computing project fingerprint‚Ý∏ Computing project fingerprint‚Ýº Computing project fingerprint‚Ý¥ Computing project fingerprint‚Ý¶ Computing project fingerprint‚Ýß Computing project fingerprint‚Ýá Computing project fingerprint‚Ýè Computing project fingerprint‚Ýã Computing project fingerprint‚Ýô Computing project fingerprint‚Ýπ Computing project fingerprint‚Ý∏ Computing project fingerprint‚Ýº Computing project fingerprint‚Ý¥ Computing project fingerprint‚Ý¶ Computing project fingerprint‚Ýß Computing project fingerprint‚Ýá Computing project fingerprint‚Ýè Computing project fingerprint‚Ýã Computing project fingerprint‚Ýô Computing project fingerprint‚Ýπ Computing project fingerprint‚Ý∏ Computing project fingerprint‚Ýº Computing project fingerprint‚Ý¥ Computing project fingerprint‚Ý¶ Computing project fingerprint‚Ýß Computing project fingerprint‚Ýá Computing project fingerprint‚Ýè Computing project fingerprint‚Ýã Computing project fingerprint‚Ýô Computing project fingerprint‚Ýπ Computing project fingerprint‚Ý∏ Computing project fingerprint‚Ýº Computing project fingerprint‚Ý¥ Computing project fingerprint‚Ý¶ Computing project fingerprint‚Ýß Computing project fingerprint‚Ýá Computing project fingerprint‚Ýè Computing project fingerprint‚Ýã Computing project fingerprint‚Ýô Computing project fingerprint‚Ýπ Computing project fingerprint‚Ý∏ Computing project fingerprint‚Ýº Computing project fingerprint‚Ý¥ Computing project fingerprint‚Ý¶ Computing project fingerprint‚Ýß Computing project fingerprint‚Ýá Computing project fingerprint‚Ýè Computing project fingerprint‚úî Computed project fingerprint
[SETUP_WORKINGDIR] Preparing workingdir /var/folders/k5/0b59d1fn62d7b89q28p_sbz80000gn/T/eas-build-local-nodejs/93ea48dd-cbdd-4958-8698-2017c6daf07a
[START_BUILD] Starting build
  "job": {
    "type": "managed",
    "platform": "ios",
    "projectArchive": {
      "type": "PATH",
      "path": "/var/folders/k5/0b59d1fn62d7b89q28p_sbz80000gn/T/eas-cli-nodejs/f6fb159a-8c39-49b9-9028-2f4f8e5cb530.tar.gz"
    },
    "projectRootDirectory": ".",
    "builderEnvironment": {
      "env": {}
    },
    "cache": {
      "disabled": false,
      "paths": [],
      "clear": false
    },
    "updates": {},
    "scheme": "app",
    "buildConfiguration": "Release",
    "username": "kana-digital",
    "version": {
      "buildNumber": "14"
    },
    "experimental": {},
    "mode": "build",
    "triggeredBy": "EAS_CLI",
    "appId": "b4206a26-4313-47ad-908a-c3e1a6cc2471",
    "initiatingUserId": "d96246df-b39f-4f84-a610-a7eec93321af"
  }
Local build, skipping project archive refresh
[PREPARE_PROJECT] .npmrc found at .npmrc
[READ_EAS_JSON] Using eas.json:
[READ_EAS_JSON] {
  "cli": {
    "version": ">= 12.0.0",
    "appVersionSource": "remote"
  },
  "build": {
    "development": {
      "developmentClient": true,
      "distribution": "internal",
      "ios": {
        "simulator": true
      }
    },
    "preview": {
      "distribution": "internal",
      "ios": {
        "simulator": false
      }
    },
    "production": {
      "autoIncrement": true,
      "ios": {
        "buildConfiguration": "Release"
      },
      "android": {
        "buildType": "app-bundle"
      }
    }
  },
  "submit": {
    "production": {
      "ios": {
        "appleId": "9kana6@gmail.com",
        "ascAppId": "6761880751"
      },
      "android": {
        "serviceAccountKeyPath": "./google-play-service-account.json",
        "track": "internal",
        "releaseStatus": "draft"
      }
    }
  }
}

[READ_PACKAGE_JSON] Using package.json:
[READ_PACKAGE_JSON] {
  "name": "bichiku-folio",
  "version": "1.0.0",
  "description": "„Éì„ÉÅ„ÇØ„Éï„Ç©„É™„Ç™ - ÁÅΩÂÆ≥ÂÇôËìÑÁÆ°ÁêÜ„Ç¢„Éó„É™",
  "main": "expo/AppEntry",
  "scripts": {
    "start": "expo start --go",
    "android": "expo start --android",
    "ios": "expo start --ios",
    "web": "expo start --web",
    "test": "npx tsc -p tsconfig.test.json && node --test dist-test/src/utils/__tests__/*.test.js",
    "build:ios": "eas build --platform ios --profile preview",
    "build:android": "eas build --platform android --profile preview",
    "build:ios:prod": "eas build --platform ios --profile production",
    "build:android:prod": "eas build --platform android --profile production",
    "build:all:prod": "eas build --platform all --profile production",
    "submit:ios": "eas submit --platform ios",
    "submit:android": "eas submit --platform android",
    "submit:all": "eas submit --platform all"
  },
  "dependencies": {
    "@react-native-async-storage/async-storage": "2.2.0",
    "@react-navigation/bottom-tabs": "^6.6.1",
    "@react-navigation/native": "^6.1.17",
    "expo": "~54.0.0",
    "expo-device": "~8.0.10",
    "expo-notifications": "~0.32.16",
    "expo-status-bar": "~3.0.9",
    "firebase": "^10.14.1",
    "react": "19.1.0",
    "react-native": "0.81.5",
    "react-native-google-mobile-ads": "^16.3.2",
    "react-native-purchases": "^9.15.2",
    "react-native-safe-area-context": "~5.6.0",
    "react-native-screens": "~4.16.0",
    "react-native-svg": "15.12.1"
  },
  "devDependencies": {
    "@babel/core": "^7.23.0",
    "@types/react": "~19.1.10",
    "typescript": "^5.3.3"
  },
  "private": true
}
[INSTALL_DEPENDENCIES] Running "npm ci --include=dev" in /var/folders/k5/0b59d1fn62d7b89q28p_sbz80000gn/T/eas-build-local-nodejs/93ea48dd-cbdd-4958-8698-2017c6daf07a/build directory
[INSTALL_DEPENDENCIES] npm warn deprecated inflight@1.0.6: This module is not supported, and leaks memory. Do not use it. Check out lru-cache if you want a good and tested way to coalesce async requests by a key value, which is much more comprehensive and powerful.
[INSTALL_DEPENDENCIES] npm warn deprecated rimraf@3.0.2: Rimraf versions prior to v4 are no longer supported
[INSTALL_DEPENDENCIES] npm warn deprecated glob@7.2.3: Old versions of glob are not supported, and contain widely publicized security vulnerabilities, which have been fixed in the current version. Please update. Support for old versions may be purchased (at exorbitant rates) by contacting i@izs.me
[INSTALL_DEPENDENCIES] npm warn deprecated glob@7.2.3: Old versions of glob are not supported, and contain widely publicized security vulnerabilities, which have been fixed in the current version. Please update. Support for old versions may be purchased (at exorbitant rates) by contacting i@izs.me
[INSTALL_DEPENDENCIES] npm warn deprecated glob@7.2.3: Old versions of glob are not supported, and contain widely publicized security vulnerabilities, which have been fixed in the current version. Please update. Support for old versions may be purchased (at exorbitant rates) by contacting i@izs.me
[INSTALL_DEPENDENCIES] npm warn deprecated glob@7.2.3: Old versions of glob are not supported, and contain widely publicized security vulnerabilities, which have been fixed in the current version. Please update. Support for old versions may be purchased (at exorbitant rates) by contacting i@izs.me
[INSTALL_DEPENDENCIES] added 764 packages in 2m
[INSTALL_DEPENDENCIES] 84 packages are looking for funding
[INSTALL_DEPENDENCIES]   run `npm fund` for details
